<<<<<<< HEAD
8.6.2021, 0:46:52 - INFO - Server is running on port: 3030 
8.6.2021, 7:24:49 - INFO - Server is running on port: 3030 
8.6.2021, 7:26:56 - DEBUG - auth.service - login with username: q 
8.6.2021, 7:54:25 - INFO - Server is running on port: 3030 
8.6.2021, 7:55:08 - DEBUG - auth.service - login with username: q 
8.6.2021, 11:38:53 - DEBUG - auth.service - signup with username: Omri, fullname: Omri 
8.6.2021, 11:38:53 - DEBUG - auth.route - new account created: {"username":"Omri","password":"$2b$10$xeJGoEuTXZkiuKcsVfuNu.XcVqY018yylJnV3jX/WcX5/3BX6wvwG","fullname":"Omri","imgUrl":"https://ozgrozer.github.io/100k-faces/0/0/000924.jpg","isHost":false,"_id":"60bf2c9dc508494d34eaae8f"} 
8.6.2021, 11:38:53 - DEBUG - auth.service - login with username: Omri 
8.6.2021, 11:42:37 - DEBUG - auth.service - signup with username: Alex, fullname: Alex 
8.6.2021, 11:42:37 - DEBUG - auth.route - new account created: {"username":"Alex","password":"$2b$10$ORCnRe1J9FJU6OIJQI7nxezsV5QscN67gBtGzerR5n1ieboI53XiG","fullname":"Alex","imgUrl":"https://ozgrozer.github.io/100k-faces/0/0/000924.jpg","isHost":false,"_id":"60bf2d7dc508494d34eaae90"} 
8.6.2021, 11:42:37 - DEBUG - auth.service - login with username: Alex 
8.6.2021, 11:43:48 - DEBUG - auth.service - login with username: Alex 
8.6.2021, 11:48:34 - DEBUG - auth.service - signup with username: Niki, fullname: Niki 
8.6.2021, 11:48:34 - DEBUG - auth.route - new account created: {"username":"Niki","password":"$2b$10$HSvyUQHU3j/vwM2nV4m8ve6ZOQNtpsFJN3n1BGW/rGb89avaY5hum","fullname":"Niki","imgUrl":"https://ozgrozer.github.io/100k-faces/0/0/000924.jpg","isHost":false,"_id":"60bf2ee2c508494d34eaae91"} 
8.6.2021, 11:48:34 - DEBUG - auth.service - login with username: Niki 
8.6.2021, 11:49:26 - DEBUG - auth.service - login with username: Niki 
8.6.2021, 11:50:13 - DEBUG - auth.service - login with username: Alex 
8.6.2021, 11:55:14 - INFO - Server is running on port: 3030 
8.6.2021, 13:21:31 - INFO - Server is running on port: 3030 
8.6.2021, 13:22:42 - DEBUG - auth.service - login with username: Alex 
8.6.2021, 15:17:24 - DEBUG - auth.service - login with username: Alex 
8.6.2021, 16:41:05 - INFO - Server is running on port: 3030 
8.6.2021, 16:46:28 - DEBUG - auth.service - login with username: Alex 
=======
>>>>>>> 37ab458562f2cc67c8a35effaaaa852161f3f2e5
